2025/03/21 08:22:47 [notice] 1#1: using the "epoll" event method
2025/03/21 08:22:47 [notice] 1#1: nginx/1.27.4
2025/03/21 08:22:47 [notice] 1#1: built by gcc 12.2.0 (Debian 12.2.0-14) 
2025/03/21 08:22:47 [notice] 1#1: OS: Linux 5.15.167.4-microsoft-standard-WSL2
2025/03/21 08:22:47 [notice] 1#1: getrlimit(RLIMIT_NOFILE): 1048576:1048576
2025/03/21 08:22:47 [notice] 1#1: start worker processes
2025/03/21 08:22:47 [notice] 1#1: start worker process 20
2025/03/21 08:22:47 [notice] 1#1: start worker process 21
2025/03/21 08:22:47 [notice] 1#1: start worker process 22
2025/03/21 08:22:47 [notice] 1#1: start worker process 23
2025/03/21 08:42:46 [notice] 1#1: signal 3 (SIGQUIT) received, shutting down
2025/03/21 08:42:46 [notice] 20#20: gracefully shutting down
2025/03/21 08:42:46 [notice] 20#20: exiting
2025/03/21 08:42:46 [notice] 20#20: exit
2025/03/21 08:42:46 [notice] 21#21: gracefully shutting down
2025/03/21 08:42:46 [notice] 22#22: gracefully shutting down
2025/03/21 08:42:46 [notice] 21#21: exiting
2025/03/21 08:42:46 [notice] 22#22: exiting
2025/03/21 08:42:46 [notice] 22#22: exit
2025/03/21 08:42:46 [notice] 21#21: exit
2025/03/21 08:42:46 [notice] 23#23: gracefully shutting down
2025/03/21 08:42:46 [notice] 23#23: exiting
2025/03/21 08:42:46 [notice] 23#23: exit
2025/03/21 08:42:46 [notice] 1#1: signal 17 (SIGCHLD) received from 20
2025/03/21 08:42:46 [notice] 1#1: worker process 20 exited with code 0
2025/03/21 08:42:46 [notice] 1#1: worker process 21 exited with code 0
2025/03/21 08:42:46 [notice] 1#1: worker process 23 exited with code 0
2025/03/21 08:42:46 [notice] 1#1: signal 29 (SIGIO) received
2025/03/21 08:42:46 [notice] 1#1: signal 17 (SIGCHLD) received from 22
2025/03/21 08:42:46 [notice] 1#1: worker process 22 exited with code 0
2025/03/21 08:42:46 [notice] 1#1: exit
2025/03/21 08:50:18 [notice] 1#1: using the "epoll" event method
2025/03/21 08:50:18 [notice] 1#1: nginx/1.27.4
2025/03/21 08:50:18 [notice] 1#1: built by gcc 12.2.0 (Debian 12.2.0-14) 
2025/03/21 08:50:18 [notice] 1#1: OS: Linux 5.15.167.4-microsoft-standard-WSL2
2025/03/21 08:50:18 [notice] 1#1: getrlimit(RLIMIT_NOFILE): 1048576:1048576
2025/03/21 08:50:18 [notice] 1#1: start worker processes
2025/03/21 08:50:18 [notice] 1#1: start worker process 20
2025/03/21 08:50:18 [notice] 1#1: start worker process 21
2025/03/21 08:50:18 [notice] 1#1: start worker process 22
2025/03/21 08:50:18 [notice] 1#1: start worker process 23
2025/03/21 08:53:51 [notice] 1#1: signal 3 (SIGQUIT) received, shutting down
2025/03/21 08:53:51 [notice] 20#20: gracefully shutting down
2025/03/21 08:53:51 [notice] 21#21: gracefully shutting down
2025/03/21 08:53:51 [notice] 20#20: exiting
2025/03/21 08:53:51 [notice] 21#21: exiting
2025/03/21 08:53:51 [notice] 20#20: exit
2025/03/21 08:53:51 [notice] 21#21: exit
2025/03/21 08:53:51 [notice] 22#22: gracefully shutting down
2025/03/21 08:53:51 [notice] 22#22: exiting
2025/03/21 08:53:51 [notice] 22#22: exit
2025/03/21 08:53:51 [notice] 23#23: gracefully shutting down
2025/03/21 08:53:51 [notice] 23#23: exiting
2025/03/21 08:53:51 [notice] 23#23: exit
2025/03/21 08:53:51 [notice] 1#1: signal 17 (SIGCHLD) received from 20
2025/03/21 08:53:51 [notice] 1#1: worker process 20 exited with code 0
2025/03/21 08:53:51 [notice] 1#1: worker process 21 exited with code 0
2025/03/21 08:53:51 [notice] 1#1: worker process 23 exited with code 0
2025/03/21 08:53:51 [notice] 1#1: worker process 22 exited with code 0
2025/03/21 08:53:51 [notice] 1#1: exit
2025/03/21 09:01:07 [notice] 1#1: using the "epoll" event method
2025/03/21 09:01:07 [notice] 1#1: nginx/1.27.4
2025/03/21 09:01:07 [notice] 1#1: built by gcc 12.2.0 (Debian 12.2.0-14) 
2025/03/21 09:01:07 [notice] 1#1: OS: Linux 5.15.167.4-microsoft-standard-WSL2
2025/03/21 09:01:07 [notice] 1#1: getrlimit(RLIMIT_NOFILE): 1048576:1048576
2025/03/21 09:01:07 [notice] 1#1: start worker processes
2025/03/21 09:01:07 [notice] 1#1: start worker process 20
2025/03/21 09:01:07 [notice] 1#1: start worker process 21
2025/03/21 09:01:07 [notice] 1#1: start worker process 22
2025/03/21 09:01:07 [notice] 1#1: start worker process 23
2025/03/21 09:08:43 [notice] 1#1: signal 3 (SIGQUIT) received, shutting down
2025/03/21 09:08:43 [notice] 22#22: gracefully shutting down
2025/03/21 09:08:43 [notice] 21#21: gracefully shutting down
2025/03/21 09:08:43 [notice] 21#21: exiting
2025/03/21 09:08:43 [notice] 22#22: exiting
2025/03/21 09:08:43 [notice] 22#22: exit
2025/03/21 09:08:43 [notice] 21#21: exit
2025/03/21 09:08:43 [notice] 20#20: gracefully shutting down
2025/03/21 09:08:43 [notice] 20#20: exiting
2025/03/21 09:08:43 [notice] 20#20: exit
2025/03/21 09:08:43 [notice] 23#23: gracefully shutting down
2025/03/21 09:08:43 [notice] 23#23: exiting
2025/03/21 09:08:43 [notice] 23#23: exit
2025/03/21 09:08:43 [notice] 1#1: signal 17 (SIGCHLD) received from 21
2025/03/21 09:08:43 [notice] 1#1: worker process 20 exited with code 0
2025/03/21 09:08:43 [notice] 1#1: worker process 21 exited with code 0
2025/03/21 09:08:43 [notice] 1#1: worker process 22 exited with code 0
2025/03/21 09:08:43 [notice] 1#1: worker process 23 exited with code 0
2025/03/21 09:08:43 [notice] 1#1: exit
2025/03/21 09:17:52 [notice] 1#1: using the "epoll" event method
2025/03/21 09:17:52 [notice] 1#1: nginx/1.27.4
2025/03/21 09:17:52 [notice] 1#1: built by gcc 12.2.0 (Debian 12.2.0-14) 
2025/03/21 09:17:52 [notice] 1#1: OS: Linux 5.15.167.4-microsoft-standard-WSL2
2025/03/21 09:17:52 [notice] 1#1: getrlimit(RLIMIT_NOFILE): 1048576:1048576
2025/03/21 09:17:52 [notice] 1#1: start worker processes
2025/03/21 09:17:52 [notice] 1#1: start worker process 21
2025/03/21 09:17:52 [notice] 1#1: start worker process 22
2025/03/21 09:17:52 [notice] 1#1: start worker process 23
2025/03/21 09:17:52 [notice] 1#1: start worker process 24
2025/03/21 09:25:43 [notice] 1#1: signal 3 (SIGQUIT) received, shutting down
2025/03/21 09:25:43 [notice] 21#21: gracefully shutting down
2025/03/21 09:25:43 [notice] 22#22: gracefully shutting down
2025/03/21 09:25:43 [notice] 24#24: gracefully shutting down
2025/03/21 09:25:43 [notice] 21#21: exiting
2025/03/21 09:25:43 [notice] 22#22: exiting
2025/03/21 09:25:43 [notice] 24#24: exiting
2025/03/21 09:25:43 [notice] 22#22: exit
2025/03/21 09:25:43 [notice] 21#21: exit
2025/03/21 09:25:43 [notice] 24#24: exit
2025/03/21 09:25:43 [notice] 23#23: gracefully shutting down
2025/03/21 09:25:43 [notice] 23#23: exiting
2025/03/21 09:25:43 [notice] 23#23: exit
2025/03/21 09:25:43 [notice] 1#1: signal 17 (SIGCHLD) received from 22
2025/03/21 09:25:43 [notice] 1#1: worker process 22 exited with code 0
2025/03/21 09:25:43 [notice] 1#1: worker process 24 exited with code 0
2025/03/21 09:25:43 [notice] 1#1: signal 29 (SIGIO) received
2025/03/21 09:25:43 [notice] 1#1: signal 17 (SIGCHLD) received from 23
2025/03/21 09:25:43 [notice] 1#1: worker process 23 exited with code 0
2025/03/21 09:25:43 [notice] 1#1: signal 29 (SIGIO) received
2025/03/21 09:25:43 [notice] 1#1: signal 17 (SIGCHLD) received from 21
2025/03/21 09:25:43 [notice] 1#1: worker process 21 exited with code 0
2025/03/21 09:25:43 [notice] 1#1: exit
2025/03/21 09:32:56 [notice] 1#1: using the "epoll" event method
2025/03/21 09:32:56 [notice] 1#1: nginx/1.27.4
2025/03/21 09:32:56 [notice] 1#1: built by gcc 12.2.0 (Debian 12.2.0-14) 
2025/03/21 09:32:56 [notice] 1#1: OS: Linux 5.15.167.4-microsoft-standard-WSL2
2025/03/21 09:32:56 [notice] 1#1: getrlimit(RLIMIT_NOFILE): 1048576:1048576
2025/03/21 09:32:56 [notice] 1#1: start worker processes
2025/03/21 09:32:56 [notice] 1#1: start worker process 21
2025/03/21 09:32:56 [notice] 1#1: start worker process 22
2025/03/21 09:32:56 [notice] 1#1: start worker process 23
2025/03/21 09:32:56 [notice] 1#1: start worker process 24
2025/03/21 09:36:33 [notice] 1#1: signal 3 (SIGQUIT) received, shutting down
2025/03/21 09:36:33 [notice] 22#22: gracefully shutting down
2025/03/21 09:36:33 [notice] 23#23: gracefully shutting down
2025/03/21 09:36:33 [notice] 22#22: exiting
2025/03/21 09:36:33 [notice] 23#23: exiting
2025/03/21 09:36:33 [notice] 22#22: exit
2025/03/21 09:36:33 [notice] 23#23: exit
2025/03/21 09:36:33 [notice] 24#24: gracefully shutting down
2025/03/21 09:36:33 [notice] 24#24: exiting
2025/03/21 09:36:33 [notice] 24#24: exit
2025/03/21 09:36:33 [notice] 21#21: gracefully shutting down
2025/03/21 09:36:33 [notice] 21#21: exiting
2025/03/21 09:36:33 [notice] 21#21: exit
2025/03/21 09:36:33 [notice] 1#1: signal 17 (SIGCHLD) received from 24
2025/03/21 09:36:33 [notice] 1#1: worker process 21 exited with code 0
2025/03/21 09:36:33 [notice] 1#1: worker process 23 exited with code 0
2025/03/21 09:36:33 [notice] 1#1: worker process 24 exited with code 0
2025/03/21 09:36:33 [notice] 1#1: signal 29 (SIGIO) received
2025/03/21 09:36:33 [notice] 1#1: signal 17 (SIGCHLD) received from 23
2025/03/21 09:36:33 [notice] 1#1: signal 17 (SIGCHLD) received from 22
2025/03/21 09:36:33 [notice] 1#1: worker process 22 exited with code 0
2025/03/21 09:36:33 [notice] 1#1: exit
2025/03/21 09:44:09 [notice] 1#1: using the "epoll" event method
2025/03/21 09:44:09 [notice] 1#1: nginx/1.27.4
2025/03/21 09:44:09 [notice] 1#1: built by gcc 12.2.0 (Debian 12.2.0-14) 
2025/03/21 09:44:09 [notice] 1#1: OS: Linux 5.15.167.4-microsoft-standard-WSL2
2025/03/21 09:44:09 [notice] 1#1: getrlimit(RLIMIT_NOFILE): 1048576:1048576
2025/03/21 09:44:09 [notice] 1#1: start worker processes
2025/03/21 09:44:09 [notice] 1#1: start worker process 20
2025/03/21 09:44:09 [notice] 1#1: start worker process 21
2025/03/21 09:44:09 [notice] 1#1: start worker process 22
2025/03/21 09:44:09 [notice] 1#1: start worker process 23
2025/03/21 09:48:29 [notice] 1#1: signal 3 (SIGQUIT) received, shutting down
2025/03/21 09:48:29 [notice] 20#20: gracefully shutting down
2025/03/21 09:48:29 [notice] 22#22: gracefully shutting down
2025/03/21 09:48:29 [notice] 20#20: exiting
2025/03/21 09:48:29 [notice] 22#22: exiting
2025/03/21 09:48:29 [notice] 20#20: exit
2025/03/21 09:48:29 [notice] 22#22: exit
2025/03/21 09:48:29 [notice] 21#21: gracefully shutting down
2025/03/21 09:48:29 [notice] 21#21: exiting
2025/03/21 09:48:29 [notice] 21#21: exit
2025/03/21 09:48:29 [notice] 23#23: gracefully shutting down
2025/03/21 09:48:29 [notice] 23#23: exiting
2025/03/21 09:48:29 [notice] 23#23: exit
2025/03/21 09:48:29 [notice] 1#1: signal 17 (SIGCHLD) received from 20
2025/03/21 09:48:29 [notice] 1#1: worker process 20 exited with code 0
2025/03/21 09:48:29 [notice] 1#1: worker process 21 exited with code 0
2025/03/21 09:48:29 [notice] 1#1: worker process 22 exited with code 0
2025/03/21 09:48:29 [notice] 1#1: worker process 23 exited with code 0
2025/03/21 09:48:29 [notice] 1#1: exit
2025/03/21 09:55:39 [notice] 1#1: using the "epoll" event method
2025/03/21 09:55:39 [notice] 1#1: nginx/1.27.4
2025/03/21 09:55:39 [notice] 1#1: built by gcc 12.2.0 (Debian 12.2.0-14) 
2025/03/21 09:55:39 [notice] 1#1: OS: Linux 5.15.167.4-microsoft-standard-WSL2
2025/03/21 09:55:39 [notice] 1#1: getrlimit(RLIMIT_NOFILE): 1048576:1048576
2025/03/21 09:55:39 [notice] 1#1: start worker processes
2025/03/21 09:55:39 [notice] 1#1: start worker process 20
2025/03/21 09:55:39 [notice] 1#1: start worker process 21
2025/03/21 09:55:39 [notice] 1#1: start worker process 22
2025/03/21 09:55:39 [notice] 1#1: start worker process 23
2025/03/21 10:15:11 [notice] 1#1: signal 3 (SIGQUIT) received, shutting down
2025/03/21 10:15:11 [notice] 20#20: gracefully shutting down
2025/03/21 10:15:11 [notice] 22#22: gracefully shutting down
2025/03/21 10:15:11 [notice] 21#21: gracefully shutting down
2025/03/21 10:15:11 [notice] 22#22: exiting
2025/03/21 10:15:11 [notice] 21#21: exiting
2025/03/21 10:15:11 [notice] 20#20: exiting
2025/03/21 10:15:11 [notice] 21#21: exit
2025/03/21 10:15:11 [notice] 22#22: exit
2025/03/21 10:15:11 [notice] 20#20: exit
2025/03/21 10:15:11 [notice] 23#23: gracefully shutting down
2025/03/21 10:15:11 [notice] 23#23: exiting
2025/03/21 10:15:11 [notice] 23#23: exit
2025/03/21 10:15:12 [notice] 1#1: signal 17 (SIGCHLD) received from 20
2025/03/21 10:15:12 [notice] 1#1: worker process 20 exited with code 0
2025/03/21 10:15:12 [notice] 1#1: worker process 23 exited with code 0
2025/03/21 10:15:12 [notice] 1#1: signal 29 (SIGIO) received
2025/03/21 10:15:12 [notice] 1#1: signal 17 (SIGCHLD) received from 21
2025/03/21 10:15:12 [notice] 1#1: worker process 21 exited with code 0
2025/03/21 10:15:12 [notice] 1#1: signal 29 (SIGIO) received
2025/03/21 10:15:12 [notice] 1#1: signal 17 (SIGCHLD) received from 22
2025/03/21 10:15:12 [notice] 1#1: worker process 22 exited with code 0
2025/03/21 10:15:12 [notice] 1#1: exit
2025/03/21 10:46:32 [emerg] 1#1: host not found in upstream "odoo:8069" in /etc/nginx/conf.d/default.conf:2
2025/03/21 11:03:14 [notice] 1#1: using the "epoll" event method
2025/03/21 11:03:14 [notice] 1#1: nginx/1.27.4
2025/03/21 11:03:14 [notice] 1#1: built by gcc 12.2.0 (Debian 12.2.0-14) 
2025/03/21 11:03:14 [notice] 1#1: OS: Linux 5.15.167.4-microsoft-standard-WSL2
2025/03/21 11:03:14 [notice] 1#1: getrlimit(RLIMIT_NOFILE): 1048576:1048576
2025/03/21 11:03:14 [notice] 1#1: start worker processes
2025/03/21 11:03:14 [notice] 1#1: start worker process 20
2025/03/21 11:03:14 [notice] 1#1: start worker process 21
2025/03/21 11:03:14 [notice] 1#1: start worker process 22
2025/03/21 11:03:14 [notice] 1#1: start worker process 23
2025/03/21 11:07:44 [notice] 1#1: signal 3 (SIGQUIT) received, shutting down
2025/03/21 11:07:44 [notice] 20#20: gracefully shutting down
2025/03/21 11:07:44 [notice] 21#21: gracefully shutting down
2025/03/21 11:07:44 [notice] 20#20: exiting
2025/03/21 11:07:44 [notice] 21#21: exiting
2025/03/21 11:07:44 [notice] 20#20: exit
2025/03/21 11:07:44 [notice] 21#21: exit
2025/03/21 11:07:44 [notice] 23#23: gracefully shutting down
2025/03/21 11:07:44 [notice] 23#23: exiting
2025/03/21 11:07:44 [notice] 23#23: exit
2025/03/21 11:07:44 [notice] 22#22: gracefully shutting down
2025/03/21 11:07:44 [notice] 22#22: exiting
2025/03/21 11:07:44 [notice] 22#22: exit
2025/03/21 11:07:44 [notice] 1#1: signal 17 (SIGCHLD) received from 22
2025/03/21 11:07:44 [notice] 1#1: worker process 20 exited with code 0
2025/03/21 11:07:44 [notice] 1#1: worker process 21 exited with code 0
2025/03/21 11:07:44 [notice] 1#1: worker process 22 exited with code 0
2025/03/21 11:07:44 [notice] 1#1: worker process 23 exited with code 0
2025/03/21 11:07:44 [notice] 1#1: exit
2025/03/21 11:21:55 [notice] 1#1: using the "epoll" event method
2025/03/21 11:21:55 [notice] 1#1: nginx/1.27.4
2025/03/21 11:21:55 [notice] 1#1: built by gcc 12.2.0 (Debian 12.2.0-14) 
2025/03/21 11:21:55 [notice] 1#1: OS: Linux 5.15.167.4-microsoft-standard-WSL2
2025/03/21 11:21:55 [notice] 1#1: getrlimit(RLIMIT_NOFILE): 1048576:1048576
2025/03/21 11:21:55 [notice] 1#1: start worker processes
2025/03/21 11:21:55 [notice] 1#1: start worker process 21
2025/03/21 11:21:55 [notice] 1#1: start worker process 22
2025/03/21 11:21:55 [notice] 1#1: start worker process 23
2025/03/21 11:21:55 [notice] 1#1: start worker process 24
2025/03/21 11:27:16 [notice] 1#1: signal 3 (SIGQUIT) received, shutting down
2025/03/21 11:27:16 [notice] 22#22: gracefully shutting down
2025/03/21 11:27:16 [notice] 22#22: exiting
2025/03/21 11:27:16 [notice] 24#24: gracefully shutting down
2025/03/21 11:27:16 [notice] 24#24: exiting
2025/03/21 11:27:16 [notice] 21#21: gracefully shutting down
2025/03/21 11:27:16 [notice] 22#22: exit
2025/03/21 11:27:16 [notice] 24#24: exit
2025/03/21 11:27:16 [notice] 21#21: exiting
2025/03/21 11:27:16 [notice] 21#21: exit
2025/03/21 11:27:16 [notice] 23#23: gracefully shutting down
2025/03/21 11:27:16 [notice] 23#23: exiting
2025/03/21 11:27:16 [notice] 23#23: exit
2025/03/21 11:27:16 [notice] 1#1: signal 17 (SIGCHLD) received from 22
2025/03/21 11:27:16 [notice] 1#1: worker process 21 exited with code 0
2025/03/21 11:27:16 [notice] 1#1: worker process 22 exited with code 0
2025/03/21 11:27:16 [notice] 1#1: worker process 23 exited with code 0
2025/03/21 11:27:16 [notice] 1#1: worker process 24 exited with code 0
2025/03/21 11:27:16 [notice] 1#1: exit
2025/03/21 11:38:48 [notice] 1#1: using the "epoll" event method
2025/03/21 11:38:48 [notice] 1#1: nginx/1.27.4
2025/03/21 11:38:48 [notice] 1#1: built by gcc 12.2.0 (Debian 12.2.0-14) 
2025/03/21 11:38:48 [notice] 1#1: OS: Linux 5.15.167.4-microsoft-standard-WSL2
2025/03/21 11:38:48 [notice] 1#1: getrlimit(RLIMIT_NOFILE): 1048576:1048576
2025/03/21 11:38:48 [notice] 1#1: start worker processes
2025/03/21 11:38:48 [notice] 1#1: start worker process 21
2025/03/21 11:38:48 [notice] 1#1: start worker process 22
2025/03/21 11:38:48 [notice] 1#1: start worker process 23
2025/03/21 11:38:48 [notice] 1#1: start worker process 24
2025/03/21 11:48:47 [notice] 1#1: signal 3 (SIGQUIT) received, shutting down
2025/03/21 11:48:47 [notice] 21#21: gracefully shutting down
2025/03/21 11:48:47 [notice] 22#22: gracefully shutting down
2025/03/21 11:48:47 [notice] 21#21: exiting
2025/03/21 11:48:47 [notice] 22#22: exiting
2025/03/21 11:48:47 [notice] 22#22: exit
2025/03/21 11:48:47 [notice] 21#21: exit
2025/03/21 11:48:47 [notice] 23#23: gracefully shutting down
2025/03/21 11:48:47 [notice] 23#23: exiting
2025/03/21 11:48:47 [notice] 23#23: exit
2025/03/21 11:48:47 [notice] 24#24: gracefully shutting down
2025/03/21 11:48:47 [notice] 24#24: exiting
2025/03/21 11:48:47 [notice] 24#24: exit
2025/03/21 11:48:47 [notice] 1#1: signal 17 (SIGCHLD) received from 22
2025/03/21 11:48:47 [notice] 1#1: worker process 21 exited with code 0
2025/03/21 11:48:47 [notice] 1#1: worker process 22 exited with code 0
2025/03/21 11:48:47 [notice] 1#1: worker process 24 exited with code 0
2025/03/21 11:48:47 [notice] 1#1: signal 29 (SIGIO) received
2025/03/21 11:48:47 [notice] 1#1: signal 17 (SIGCHLD) received from 23
2025/03/21 11:48:47 [notice] 1#1: worker process 23 exited with code 0
2025/03/21 11:48:47 [notice] 1#1: exit
2025/03/21 11:58:33 [notice] 1#1: using the "epoll" event method
2025/03/21 11:58:33 [notice] 1#1: nginx/1.27.4
2025/03/21 11:58:33 [notice] 1#1: built by gcc 12.2.0 (Debian 12.2.0-14) 
2025/03/21 11:58:33 [notice] 1#1: OS: Linux 5.15.167.4-microsoft-standard-WSL2
2025/03/21 11:58:33 [notice] 1#1: getrlimit(RLIMIT_NOFILE): 1048576:1048576
2025/03/21 11:58:33 [notice] 1#1: start worker processes
2025/03/21 11:58:33 [notice] 1#1: start worker process 21
2025/03/21 11:58:33 [notice] 1#1: start worker process 22
2025/03/21 11:58:33 [notice] 1#1: start worker process 23
2025/03/21 11:58:33 [notice] 1#1: start worker process 24
2025/03/21 11:59:57 [notice] 1#1: signal 3 (SIGQUIT) received, shutting down
2025/03/21 11:59:57 [notice] 21#21: gracefully shutting down
2025/03/21 11:59:57 [notice] 22#22: gracefully shutting down
2025/03/21 11:59:57 [notice] 21#21: exiting
2025/03/21 11:59:57 [notice] 22#22: exiting
2025/03/21 11:59:57 [notice] 22#22: exit
2025/03/21 11:59:57 [notice] 21#21: exit
2025/03/21 11:59:57 [notice] 24#24: gracefully shutting down
2025/03/21 11:59:57 [notice] 24#24: exiting
2025/03/21 11:59:57 [notice] 24#24: exit
2025/03/21 11:59:57 [notice] 23#23: gracefully shutting down
2025/03/21 11:59:57 [notice] 23#23: exiting
2025/03/21 11:59:57 [notice] 23#23: exit
2025/03/21 11:59:57 [notice] 1#1: signal 17 (SIGCHLD) received from 24
2025/03/21 11:59:57 [notice] 1#1: worker process 21 exited with code 0
2025/03/21 11:59:57 [notice] 1#1: worker process 22 exited with code 0
2025/03/21 11:59:57 [notice] 1#1: worker process 24 exited with code 0
2025/03/21 11:59:57 [notice] 1#1: signal 29 (SIGIO) received
2025/03/21 11:59:57 [notice] 1#1: signal 17 (SIGCHLD) received from 23
2025/03/21 11:59:57 [notice] 1#1: worker process 23 exited with code 0
2025/03/21 11:59:57 [notice] 1#1: exit
